#
# There is insufficient memory for the Java Runtime Environment to continue.
# Native memory allocation (mmap) failed to map 266338304 bytes for Failed to commit area from 0x0000000702400000 to 0x0000000712200000 of length 266338304.
# Possible reasons:
#   The system is out of physical RAM or swap space
#   The process is running with CompressedOops enabled, and the Java Heap may be blocking the growth of the native heap
# Possible solutions:
#   Reduce memory load on the system
#   Increase physical memory or swap space
#   Check if swap backing store is full
#   Decrease Java heap size (-Xmx/-Xms)
#   Decrease number of Java threads
#   Decrease Java thread stack sizes (-Xss)
#   Set larger code cache with -XX:ReservedCodeCacheSize=
#   JVM is running with Zero Based Compressed Oops mode in which the Java heap is
#     placed in the first 32GB address space. The Java Heap base address is the
#     maximum limit for the native heap growth. Please use -XX:HeapBaseMinAddress
#     to set the Java Heap base and to place the Java Heap above 32GB virtual address.
# This output file may be truncated or incomplete.
#
#  Out of Memory Error (./open/src/hotspot/os/windows/os_windows.cpp:3315), pid=25812, tid=5972
#
# JRE version:  (14.0.2+12) (build )
# Java VM: Java HotSpot(TM) 64-Bit Server VM (14.0.2+12-46, mixed mode, sharing, tiered, compressed oops, g1 gc, windows-amd64)
# No core dump will be written. Minidumps are not enabled by default on client versions of Windows
#

---------------  S U M M A R Y ------------

Command Line: -Dfile.encoding=UTF-8 --module-path=C:\Users\ASUS\Documents\NetBeansProjects\Electricity Billing System\build\classes electricity.billing.system.Signup

Host: Intel(R) Core(TM) i7-8550U CPU @ 1.80GHz, 8 cores, 15G,  Windows 10 , 64 bit Build 22616 (10.0.22616.1)
Time: Fri May 20 22:25:50 2022 India Standard Time elapsed time: 0 seconds (0d 0h 0m 0s)

---------------  T H R E A D  ---------------

Current thread (0x0000023a500db800):  JavaThread "Unknown thread" [_thread_in_vm, id=5972, stack(0x000000cfd6600000,0x000000cfd6700000)]

Stack: [0x000000cfd6600000,0x000000cfd6700000]
Native frames: (J=compiled Java code, j=interpreted, Vv=VM code, C=native code)
V  [jvm.dll+0x5f8a9a]
V  [jvm.dll+0x74247a]
V  [jvm.dll+0x743c2f]
V  [jvm.dll+0x744273]
V  [jvm.dll+0x20d288]
V  [jvm.dll+0x5f5dea]
V  [jvm.dll+0x5eac45]
V  [jvm.dll+0x2c7e9c]
V  [jvm.dll+0x2c7cd2]
V  [jvm.dll+0x2cdbbc]
V  [jvm.dll+0x313fe8]
V  [jvm.dll+0x313710]
V  [jvm.dll+0x2a092a]
V  [jvm.dll+0x2a1a79]
V  [jvm.dll+0x71fd48]
V  [jvm.dll+0x321c14]
V  [jvm.dll+0x70112c]
V  [jvm.dll+0x392def]
V  [jvm.dll+0x394e61]
C  [jli.dll+0x524b]
C  [ucrtbase.dll+0x29363]
C  [KERNEL32.DLL+0x1244d]
C  [ntdll.dll+0x5df88]


---------------  P R O C E S S  ---------------

Threads class SMR info:
_java_thread_list=0x00007fff8ab73038, length=0, elements={
}

Java Threads: ( => current thread )

Other Threads:
  0x0000023a50141000 GCTaskThread "GC Thread#0" [stack: 0x000000cfd6700000,0x000000cfd6800000] [id=3436]
  0x0000023a50162800 ConcurrentGCThread "G1 Main Marker" [stack: 0x000000cfd6800000,0x000000cfd6900000] [id=19492]
  0x0000023a50165000 ConcurrentGCThread "G1 Conc#0" [stack: 0x000000cfd6900000,0x000000cfd6a00000] [id=17068]

[error occurred during error reporting (printing all threads), id 0xc0000005, EXCEPTION_ACCESS_VIOLATION (0xc0000005) at pc=0x00007fff8a3a1257]

VM state:not at safepoint (not fully initialized)

VM Mutex/Monitor currently owned by a thread:  ([mutex/lock_event])
[0x0000023a500d7a20] Heap_lock - owner thread: 0x0000023a500db800

Heap address: 0x0000000702400000, size: 4060 MB, Compressed Oops mode: Zero based, Oop shift amount: 3
Narrow klass base: 0x0000000000000000, Narrow klass shift: 0

GC Heap History (0 events):
No events

Deoptimization events (0 events):
No events

Classes unloaded (0 events):
No events

Classes redefined (0 events):
No events

Internal exceptions (0 events):
No events

Events (2 events):
Event: 0.024 Loaded shared library C:\Program Files\Java\jdk-14.0.2\bin\java.dll
Event: 0.025 Loaded shared library C:\Program Files\Java\jdk-14.0.2\bin\zip.dll


Dynamic libraries:
0x00007ff6c9e80000 - 0x00007ff6c9e8f000 	C:\Program Files\Java\jdk-14.0.2\bin\java.exe
0x00007ff807af0000 - 0x00007ff807d04000 	C:\WINDOWS\SYSTEM32\ntdll.dll
0x00007ff806d20000 - 0x00007ff806de2000 	C:\WINDOWS\System32\KERNEL32.DLL
0x00007ff8050b0000 - 0x00007ff80544c000 	C:\WINDOWS\System32\KERNELBASE.dll
0x00007ff8057f0000 - 0x00007ff805901000 	C:\WINDOWS\System32\ucrtbase.dll
0x00007ffff6780000 - 0x00007ffff6798000 	C:\Program Files\Java\jdk-14.0.2\bin\jli.dll
0x00007ff801e20000 - 0x00007ff801e35000 	C:\Program Files\Java\jdk-14.0.2\bin\VCRUNTIME140.dll
0x00007ff8079f0000 - 0x00007ff807a9e000 	C:\WINDOWS\System32\ADVAPI32.dll
0x00007ff807860000 - 0x00007ff807907000 	C:\WINDOWS\System32\msvcrt.dll
0x00007ff806e10000 - 0x00007ff806eb4000 	C:\WINDOWS\System32\sechost.dll
0x00007ff807070000 - 0x00007ff807185000 	C:\WINDOWS\System32\RPCRT4.dll
0x00007ff807320000 - 0x00007ff8074cb000 	C:\WINDOWS\System32\USER32.dll
0x00007ff805540000 - 0x00007ff805566000 	C:\WINDOWS\System32\win32u.dll
0x00007fffe7be0000 - 0x00007fffe7e6e000 	C:\WINDOWS\WinSxS\amd64_microsoft.windows.common-controls_6595b64144ccf1df_6.0.22616.1_none_60ea04539af13d52\COMCTL32.dll
0x00007ff806ec0000 - 0x00007ff806ee9000 	C:\WINDOWS\System32\GDI32.dll
0x00007ff805570000 - 0x00007ff805682000 	C:\WINDOWS\System32\gdi32full.dll
0x00007ff805690000 - 0x00007ff80572a000 	C:\WINDOWS\System32\msvcp_win.dll
0x00007ff800000000 - 0x00007ff80000a000 	C:\WINDOWS\SYSTEM32\VERSION.dll
0x00007ff805910000 - 0x00007ff805941000 	C:\WINDOWS\System32\IMM32.DLL
0x00007fffe0bf0000 - 0x00007fffe0c8b000 	C:\Program Files\Java\jdk-14.0.2\bin\msvcp140.dll
0x00007fff8a0f0000 - 0x00007fff8ac0e000 	C:\Program Files\Java\jdk-14.0.2\bin\server\jvm.dll
0x00007ff805f10000 - 0x00007ff805f18000 	C:\WINDOWS\System32\PSAPI.DLL
0x00007ffff1290000 - 0x00007ffff1299000 	C:\WINDOWS\SYSTEM32\WSOCK32.dll
0x00007ffff4550000 - 0x00007ffff4584000 	C:\WINDOWS\SYSTEM32\WINMM.dll
0x00007ff807190000 - 0x00007ff807201000 	C:\WINDOWS\System32\WS2_32.dll
0x00007ff803f70000 - 0x00007ff803f88000 	C:\WINDOWS\SYSTEM32\kernel.appcore.dll
0x00007ff801fb0000 - 0x00007ff801fba000 	C:\Program Files\Java\jdk-14.0.2\bin\jimage.dll
0x00007ff802940000 - 0x00007ff802b6e000 	C:\WINDOWS\SYSTEM32\DBGHELP.DLL
0x00007ff8074d0000 - 0x00007ff807859000 	C:\WINDOWS\System32\combase.dll
0x00007ff807910000 - 0x00007ff8079e7000 	C:\WINDOWS\System32\OLEAUT32.dll
0x00007ffff66c0000 - 0x00007ffff66f2000 	C:\WINDOWS\SYSTEM32\dbgcore.DLL
0x00007ff805450000 - 0x00007ff8054cb000 	C:\WINDOWS\System32\bcryptPrimitives.dll
0x00007ffff6110000 - 0x00007ffff6135000 	C:\Program Files\Java\jdk-14.0.2\bin\java.dll
0x00007fffed590000 - 0x00007fffed5a6000 	C:\Program Files\Java\jdk-14.0.2\bin\zip.dll

dbghelp: loaded successfully - version: 4.0.5 - missing functions: none
symbol engine: initialized successfully - sym options: 0x614 - pdb path: .;C:\Program Files\Java\jdk-14.0.2\bin;C:\WINDOWS\SYSTEM32;C:\WINDOWS\WinSxS\amd64_microsoft.windows.common-controls_6595b64144ccf1df_6.0.22616.1_none_60ea04539af13d52;C:\Program Files\Java\jdk-14.0.2\bin\server

VM Arguments:
jvm_args: -Dfile.encoding=UTF-8 --module-path=C:\Users\ASUS\Documents\NetBeansProjects\Electricity Billing System\build\classes 
java_command: electricity.billing.system.Signup
java_class_path (initial): C:\Users\ASUS\Documents\NetBeansProjects\Electricity Billing System\build\classes
Launcher Type: SUN_STANDARD

[Global flags]
     intx CICompilerCount                          = 4                                         {product} {ergonomic}
     uint ConcGCThreads                            = 2                                         {product} {ergonomic}
     uint G1ConcRefinementThreads                  = 8                                         {product} {ergonomic}
   size_t G1HeapRegionSize                         = 1048576                                   {product} {ergonomic}
    uintx GCDrainStackTargetSize                   = 64                                        {product} {ergonomic}
   size_t InitialHeapSize                          = 266338304                                 {product} {ergonomic}
   size_t MarkStackSize                            = 4194304                                   {product} {ergonomic}
   size_t MaxHeapSize                              = 4257218560                                {product} {ergonomic}
   size_t MinHeapDeltaBytes                        = 1048576                                   {product} {ergonomic}
   size_t MinHeapSize                              = 8388608                                   {product} {ergonomic}
    uintx NonNMethodCodeHeapSize                   = 5839372                                {pd product} {ergonomic}
    uintx NonProfiledCodeHeapSize                  = 122909434                              {pd product} {ergonomic}
    uintx ProfiledCodeHeapSize                     = 122909434                              {pd product} {ergonomic}
    uintx ReservedCodeCacheSize                    = 251658240                              {pd product} {ergonomic}
     bool SegmentedCodeCache                       = true                                      {product} {ergonomic}
   size_t SoftMaxHeapSize                          = 4257218560                             {manageable} {ergonomic}
     bool UseCompressedClassPointers               = true                                 {lp64_product} {ergonomic}
     bool UseCompressedOops                        = true                                 {lp64_product} {ergonomic}
     bool UseG1GC                                  = true                                      {product} {ergonomic}
     bool UseLargePagesIndividualAllocation        = false                                  {pd product} {ergonomic}

Logging:
Log output configuration:
 #0: stdout all=warning uptime,level,tags
 #1: stderr all=off uptime,level,tags

Environment Variables:
JAVA_HOME=C:\Program Files\Java;C:\Program Files\Java\jdk-14.0.2;C:\Program Files\Java\jdk-14.0.2\bin;
PATH=C:\ProgramData\Anaconda3;C:\ProgramData\Anaconda3\Library\mingw-w64\bin;C:\ProgramData\Anaconda3\Library\usr\bin;C:\ProgramData\Anaconda3\Library\bin;C:\ProgramData\Anaconda3\Scripts;C:\Program Files (x86)\Intel\Intel(R) Management Engine Components\iCLS\;C:\Program Files\Intel\Intel(R) Management Engine Components\iCLS\;C:\WINDOWS\system32;C:\WINDOWS;C:\WINDOWS\System32\Wbem;C:\WINDOWS\System32\WindowsPowerShell\v1.0\;C:\WINDOWS\System32\OpenSSH\;C:\Program Files (x86)\Intel\Intel(R) Management Engine Components\DAL;C:\Program Files\Intel\Intel(R) Management Engine Components\DAL;C:\Program Files (x86)\Intel\Intel(R) Management Engine Components\IPT;C:\Program Files\Intel\Intel(R) Management Engine Components\IPT;C:\Program Files\Intel\WiFi\bin\;C:\Program Files\Common Files\Intel\WirelessCommon\;C:\Program Files\Java;C:\Program Files\Java\jdk-14.0.2;C:\Program Files\Java\jdk-14.0.2\bin\bin;C:\Program Files\Java\jdk-14.0.2\bin;C:\Program Files\MySQL\MySQL Server 8.0\bin;C:\Program Files (x86)\Dev-Cpp\MinGW64\bin;C:\Program Files\gnuplot\bin;C:\Program Files\MATLAB\R2012b\runtime\win64;C:\Program Files\MATLAB\R2012b\bin;D:\flutter and dart\Flutter\flutter\bin;D:\flutter and dart\Git\cmd;C:\Program Files\nodejs\;C:\Program Files\Docker\Docker\resources\bin;C:\ProgramData\DockerDesktop\version-bin;C:\Program Files (x86)\dotnet\;C:\Users\ASUS\AppData\Local\Programs\Python\Python39\Scripts\;C:\Users\ASUS\AppData\Local\Programs\Python\Python39\;C:\Program Files\MySQL\MySQL Shell 8.0\bin\;C:\Program Files\Java\jdk-14.0.2\bin;C:\Users\ASUS\AppData\Local\Programs\Microsoft VS Code\bin;C:\Users\ASUS\AppData\Local\Microsoft\WindowsApps;C:\Program Files\JetBrains\IntelliJ IDEA Community Edition 2020.3.1\bin;D:\flutter and dart\Flutter\flutter\bin;C:\Program Files\Java;C:\Program Files\Java\jdk-14.0.2;\bin;C:\Users\ASUS\AppData\Roaming\npm;C:\ProgramData\ASUS\atom\bin;C:\Users\ASUS\AppData\Local\atom\bin;C:\Users\ASUS\AppData\Local\Microsoft\WindowsApps;C:\Program Files\Mongo
USERNAME=ASUS
OS=Windows_NT
PROCESSOR_IDENTIFIER=Intel64 Family 6 Model 142 Stepping 10, GenuineIntel



---------------  S Y S T E M  ---------------

OS: Windows 10 , 64 bit Build 22616 (10.0.22616.1)
OS uptime: 1 days 1:14 hours
HyperV virtualization detected

CPU:total 8 (initial active 8) (4 cores per cpu, 2 threads per core) family 6 model 142 stepping 10, cmov, cx8, fxsr, mmx, sse, sse2, sse3, ssse3, sse4.1, sse4.2, popcnt, avx, avx2, aes, clmul, erms, 3dnowpref, lzcnt, ht, tsc, tscinvbit, bmi1, bmi2, adx, fma

Memory: 4k page, system-wide physical 16237M (4247M free)
TotalPageFile size 46722M (AvailPageFile size 160M)
current process WorkingSet (physical memory assigned to process): 11M, peak: 11M
current process commit charge ("private bytes"): 61M, peak: 315M

vm_info: Java HotSpot(TM) 64-Bit Server VM (14.0.2+12-46) for windows-amd64 JRE (14.0.2+12-46), built on Jul  9 2020 00:35:52 by "mach5one" with MS VC++ 15.9 (VS2017)

END.
